{"D:\\AiBlogApp\\server\\controllers\\adminController.js": {"path":"D:\\AiBlogApp\\server\\controllers\\adminController.js","statementMap":{"0":{"start":{"line":5,"column":26},"end":{"line":23,"column":1}},"1":{"start":{"line":6,"column":2},"end":{"line":22,"column":3}},"2":{"start":{"line":7,"column":32},"end":{"line":7,"column":40}},"3":{"start":{"line":9,"column":4},"end":{"line":16,"column":5}},"4":{"start":{"line":13,"column":6},"end":{"line":15,"column":66}},"5":{"start":{"line":18,"column":18},"end":{"line":18,"column":61}},"6":{"start":{"line":19,"column":4},"end":{"line":19,"column":39}},"7":{"start":{"line":21,"column":4},"end":{"line":21,"column":57}},"8":{"start":{"line":25,"column":32},"end":{"line":44,"column":1}},"9":{"start":{"line":26,"column":2},"end":{"line":43,"column":3}},"10":{"start":{"line":27,"column":17},"end":{"line":27,"column":65}},"11":{"start":{"line":28,"column":18},"end":{"line":31,"column":5}},"12":{"start":{"line":32,"column":17},"end":{"line":32,"column":35}},"13":{"start":{"line":34,"column":18},"end":{"line":39,"column":13}},"14":{"start":{"line":40,"column":4},"end":{"line":40,"column":39}},"15":{"start":{"line":42,"column":4},"end":{"line":42,"column":57}},"16":{"start":{"line":46,"column":30},"end":{"line":66,"column":1}},"17":{"start":{"line":47,"column":2},"end":{"line":65,"column":3}},"18":{"start":{"line":48,"column":17},"end":{"line":48,"column":65}},"19":{"start":{"line":49,"column":18},"end":{"line":52,"column":5}},"20":{"start":{"line":53,"column":17},"end":{"line":53,"column":35}},"21":{"start":{"line":55,"column":21},"end":{"line":60,"column":13}},"22":{"start":{"line":61,"column":4},"end":{"line":61,"column":42}},"23":{"start":{"line":63,"column":4},"end":{"line":63,"column":57}},"24":{"start":{"line":64,"column":4},"end":{"line":64,"column":23}},"25":{"start":{"line":68,"column":28},"end":{"line":89,"column":1}},"26":{"start":{"line":69,"column":2},"end":{"line":88,"column":3}},"27":{"start":{"line":70,"column":24},"end":{"line":74,"column":13}},"28":{"start":{"line":75,"column":18},"end":{"line":75,"column":53}},"29":{"start":{"line":76,"column":21},"end":{"line":76,"column":59}},"30":{"start":{"line":77,"column":19},"end":{"line":77,"column":68}},"31":{"start":{"line":79,"column":26},"end":{"line":84,"column":5}},"32":{"start":{"line":85,"column":4},"end":{"line":85,"column":47}},"33":{"start":{"line":87,"column":4},"end":{"line":87,"column":57}},"34":{"start":{"line":91,"column":33},"end":{"line":99,"column":1}},"35":{"start":{"line":92,"column":2},"end":{"line":98,"column":3}},"36":{"start":{"line":93,"column":19},"end":{"line":93,"column":27}},"37":{"start":{"line":94,"column":4},"end":{"line":94,"column":40}},"38":{"start":{"line":95,"column":4},"end":{"line":95,"column":73}},"39":{"start":{"line":97,"column":4},"end":{"line":97,"column":57}},"40":{"start":{"line":101,"column":34},"end":{"line":109,"column":1}},"41":{"start":{"line":102,"column":2},"end":{"line":108,"column":3}},"42":{"start":{"line":103,"column":19},"end":{"line":103,"column":27}},"43":{"start":{"line":104,"column":4},"end":{"line":104,"column":62}},"44":{"start":{"line":105,"column":4},"end":{"line":105,"column":74}},"45":{"start":{"line":107,"column":4},"end":{"line":107,"column":57}}},"fnMap":{"0":{"name":"(anonymous_0)","decl":{"start":{"line":5,"column":26},"end":{"line":5,"column":27}},"loc":{"start":{"line":5,"column":46},"end":{"line":23,"column":1}},"line":5},"1":{"name":"(anonymous_1)","decl":{"start":{"line":25,"column":32},"end":{"line":25,"column":33}},"loc":{"start":{"line":25,"column":52},"end":{"line":44,"column":1}},"line":25},"2":{"name":"(anonymous_2)","decl":{"start":{"line":46,"column":30},"end":{"line":46,"column":31}},"loc":{"start":{"line":46,"column":50},"end":{"line":66,"column":1}},"line":46},"3":{"name":"(anonymous_3)","decl":{"start":{"line":68,"column":28},"end":{"line":68,"column":29}},"loc":{"start":{"line":68,"column":48},"end":{"line":89,"column":1}},"line":68},"4":{"name":"(anonymous_4)","decl":{"start":{"line":91,"column":33},"end":{"line":91,"column":34}},"loc":{"start":{"line":91,"column":53},"end":{"line":99,"column":1}},"line":91},"5":{"name":"(anonymous_5)","decl":{"start":{"line":101,"column":34},"end":{"line":101,"column":35}},"loc":{"start":{"line":101,"column":54},"end":{"line":109,"column":1}},"line":101}},"branchMap":{"0":{"loc":{"start":{"line":9,"column":4},"end":{"line":16,"column":5}},"type":"if","locations":[{"start":{"line":9,"column":4},"end":{"line":16,"column":5}},{"start":{},"end":{}}],"line":9},"1":{"loc":{"start":{"line":10,"column":6},"end":{"line":11,"column":45}},"type":"binary-expr","locations":[{"start":{"line":10,"column":6},"end":{"line":10,"column":39}},{"start":{"line":11,"column":6},"end":{"line":11,"column":45}}],"line":10},"2":{"loc":{"start":{"line":27,"column":35},"end":{"line":27,"column":56}},"type":"binary-expr","locations":[{"start":{"line":27,"column":35},"end":{"line":27,"column":49}},{"start":{"line":27,"column":53},"end":{"line":27,"column":56}}],"line":27},"3":{"loc":{"start":{"line":29,"column":24},"end":{"line":29,"column":47}},"type":"binary-expr","locations":[{"start":{"line":29,"column":24},"end":{"line":29,"column":39}},{"start":{"line":29,"column":43},"end":{"line":29,"column":47}}],"line":29},"4":{"loc":{"start":{"line":48,"column":35},"end":{"line":48,"column":56}},"type":"binary-expr","locations":[{"start":{"line":48,"column":35},"end":{"line":48,"column":49}},{"start":{"line":48,"column":53},"end":{"line":48,"column":56}}],"line":48},"5":{"loc":{"start":{"line":50,"column":24},"end":{"line":50,"column":47}},"type":"binary-expr","locations":[{"start":{"line":50,"column":24},"end":{"line":50,"column":39}},{"start":{"line":50,"column":43},"end":{"line":50,"column":47}}],"line":50}},"s":{"0":7,"1":7,"2":7,"3":7,"4":1,"5":6,"6":6,"7":0,"8":7,"9":3,"10":3,"11":3,"12":3,"13":3,"14":2,"15":1,"16":7,"17":3,"18":3,"19":3,"20":3,"21":3,"22":2,"23":1,"24":1,"25":7,"26":2,"27":2,"28":2,"29":2,"30":2,"31":2,"32":2,"33":0,"34":7,"35":1,"36":1,"37":1,"38":1,"39":0,"40":7,"41":1,"42":1,"43":1,"44":1,"45":0},"f":{"0":7,"1":3,"2":3,"3":2,"4":1,"5":1},"b":{"0":[1,6],"1":[7,6],"2":[3,2],"3":[3,2],"4":[3,2],"5":[3,2]},"inputSourceMap":null,"_coverageSchema":"1a1c01bbd47fc00a2c39e90264f33305004495a9","hash":"bbc3dde615b9c02e1972032ecc217d6fee7c43dc"}
,"D:\\AiBlogApp\\server\\controllers\\blogController.js": {"path":"D:\\AiBlogApp\\server\\controllers\\blogController.js","statementMap":{"0":{"start":{"line":7,"column":23},"end":{"line":49,"column":1}},"1":{"start":{"line":8,"column":2},"end":{"line":48,"column":3}},"2":{"start":{"line":9,"column":68},"end":{"line":11,"column":5}},"3":{"start":{"line":12,"column":22},"end":{"line":12,"column":30}},"4":{"start":{"line":14,"column":4},"end":{"line":16,"column":5}},"5":{"start":{"line":15,"column":6},"end":{"line":15,"column":78}},"6":{"start":{"line":18,"column":23},"end":{"line":18,"column":54}},"7":{"start":{"line":20,"column":21},"end":{"line":24,"column":6}},"8":{"start":{"line":27,"column":30},"end":{"line":34,"column":6}},"9":{"start":{"line":35,"column":18},"end":{"line":35,"column":35}},"10":{"start":{"line":37,"column":4},"end":{"line":44,"column":7}},"11":{"start":{"line":45,"column":4},"end":{"line":45,"column":68}},"12":{"start":{"line":47,"column":4},"end":{"line":47,"column":57}},"13":{"start":{"line":51,"column":27},"end":{"line":70,"column":1}},"14":{"start":{"line":52,"column":2},"end":{"line":69,"column":3}},"15":{"start":{"line":53,"column":17},"end":{"line":53,"column":65}},"16":{"start":{"line":54,"column":18},"end":{"line":57,"column":5}},"17":{"start":{"line":58,"column":17},"end":{"line":58,"column":35}},"18":{"start":{"line":60,"column":18},"end":{"line":65,"column":13}},"19":{"start":{"line":66,"column":4},"end":{"line":66,"column":39}},"20":{"start":{"line":68,"column":4},"end":{"line":68,"column":57}},"21":{"start":{"line":72,"column":27},"end":{"line":84,"column":1}},"22":{"start":{"line":73,"column":2},"end":{"line":83,"column":3}},"23":{"start":{"line":74,"column":23},"end":{"line":74,"column":33}},"24":{"start":{"line":75,"column":17},"end":{"line":75,"column":51}},"25":{"start":{"line":77,"column":4},"end":{"line":79,"column":5}},"26":{"start":{"line":78,"column":6},"end":{"line":78,"column":69}},"27":{"start":{"line":80,"column":4},"end":{"line":80,"column":38}},"28":{"start":{"line":82,"column":4},"end":{"line":82,"column":57}},"29":{"start":{"line":86,"column":30},"end":{"line":98,"column":1}},"30":{"start":{"line":87,"column":2},"end":{"line":97,"column":3}},"31":{"start":{"line":88,"column":19},"end":{"line":88,"column":27}},"32":{"start":{"line":89,"column":4},"end":{"line":89,"column":37}},"33":{"start":{"line":92,"column":4},"end":{"line":92,"column":43}},"34":{"start":{"line":94,"column":4},"end":{"line":94,"column":70}},"35":{"start":{"line":96,"column":4},"end":{"line":96,"column":57}},"36":{"start":{"line":100,"column":29},"end":{"line":116,"column":1}},"37":{"start":{"line":101,"column":2},"end":{"line":115,"column":3}},"38":{"start":{"line":102,"column":19},"end":{"line":102,"column":27}},"39":{"start":{"line":103,"column":17},"end":{"line":103,"column":40}},"40":{"start":{"line":104,"column":4},"end":{"line":108,"column":5}},"41":{"start":{"line":105,"column":6},"end":{"line":107,"column":61}},"42":{"start":{"line":110,"column":4},"end":{"line":110,"column":41}},"43":{"start":{"line":111,"column":4},"end":{"line":111,"column":22}},"44":{"start":{"line":112,"column":4},"end":{"line":112,"column":64}},"45":{"start":{"line":114,"column":4},"end":{"line":114,"column":57}},"46":{"start":{"line":118,"column":26},"end":{"line":127,"column":1}},"47":{"start":{"line":119,"column":2},"end":{"line":126,"column":3}},"48":{"start":{"line":120,"column":36},"end":{"line":120,"column":44}},"49":{"start":{"line":122,"column":4},"end":{"line":122,"column":50}},"50":{"start":{"line":123,"column":4},"end":{"line":123,"column":69}},"51":{"start":{"line":125,"column":4},"end":{"line":125,"column":57}},"52":{"start":{"line":129,"column":31},"end":{"line":152,"column":1}},"53":{"start":{"line":130,"column":2},"end":{"line":151,"column":3}},"54":{"start":{"line":131,"column":23},"end":{"line":131,"column":31}},"55":{"start":{"line":132,"column":17},"end":{"line":132,"column":65}},"56":{"start":{"line":133,"column":18},"end":{"line":136,"column":5}},"57":{"start":{"line":137,"column":17},"end":{"line":137,"column":35}},"58":{"start":{"line":139,"column":21},"end":{"line":147,"column":13}},"59":{"start":{"line":148,"column":4},"end":{"line":148,"column":42}},"60":{"start":{"line":150,"column":4},"end":{"line":150,"column":57}},"61":{"start":{"line":154,"column":31},"end":{"line":164,"column":1}},"62":{"start":{"line":155,"column":2},"end":{"line":163,"column":3}},"63":{"start":{"line":156,"column":23},"end":{"line":156,"column":31}},"64":{"start":{"line":157,"column":20},"end":{"line":159,"column":5}},"65":{"start":{"line":160,"column":4},"end":{"line":160,"column":41}},"66":{"start":{"line":162,"column":4},"end":{"line":162,"column":57}}},"fnMap":{"0":{"name":"(anonymous_0)","decl":{"start":{"line":7,"column":23},"end":{"line":7,"column":24}},"loc":{"start":{"line":7,"column":43},"end":{"line":49,"column":1}},"line":7},"1":{"name":"(anonymous_1)","decl":{"start":{"line":51,"column":27},"end":{"line":51,"column":28}},"loc":{"start":{"line":51,"column":47},"end":{"line":70,"column":1}},"line":51},"2":{"name":"(anonymous_2)","decl":{"start":{"line":72,"column":27},"end":{"line":72,"column":28}},"loc":{"start":{"line":72,"column":47},"end":{"line":84,"column":1}},"line":72},"3":{"name":"(anonymous_3)","decl":{"start":{"line":86,"column":30},"end":{"line":86,"column":31}},"loc":{"start":{"line":86,"column":50},"end":{"line":98,"column":1}},"line":86},"4":{"name":"(anonymous_4)","decl":{"start":{"line":100,"column":29},"end":{"line":100,"column":30}},"loc":{"start":{"line":100,"column":49},"end":{"line":116,"column":1}},"line":100},"5":{"name":"(anonymous_5)","decl":{"start":{"line":118,"column":26},"end":{"line":118,"column":27}},"loc":{"start":{"line":118,"column":46},"end":{"line":127,"column":1}},"line":118},"6":{"name":"(anonymous_6)","decl":{"start":{"line":129,"column":31},"end":{"line":129,"column":32}},"loc":{"start":{"line":129,"column":51},"end":{"line":152,"column":1}},"line":129},"7":{"name":"(anonymous_7)","decl":{"start":{"line":154,"column":31},"end":{"line":154,"column":32}},"loc":{"start":{"line":154,"column":51},"end":{"line":164,"column":1}},"line":154}},"branchMap":{"0":{"loc":{"start":{"line":14,"column":4},"end":{"line":16,"column":5}},"type":"if","locations":[{"start":{"line":14,"column":4},"end":{"line":16,"column":5}},{"start":{},"end":{}}],"line":14},"1":{"loc":{"start":{"line":14,"column":8},"end":{"line":14,"column":57}},"type":"binary-expr","locations":[{"start":{"line":14,"column":8},"end":{"line":14,"column":14}},{"start":{"line":14,"column":18},"end":{"line":14,"column":30}},{"start":{"line":14,"column":34},"end":{"line":14,"column":43}},{"start":{"line":14,"column":47},"end":{"line":14,"column":57}}],"line":14},"2":{"loc":{"start":{"line":53,"column":35},"end":{"line":53,"column":56}},"type":"binary-expr","locations":[{"start":{"line":53,"column":35},"end":{"line":53,"column":49}},{"start":{"line":53,"column":53},"end":{"line":53,"column":56}}],"line":53},"3":{"loc":{"start":{"line":55,"column":24},"end":{"line":55,"column":47}},"type":"binary-expr","locations":[{"start":{"line":55,"column":24},"end":{"line":55,"column":39}},{"start":{"line":55,"column":43},"end":{"line":55,"column":47}}],"line":55},"4":{"loc":{"start":{"line":77,"column":4},"end":{"line":79,"column":5}},"type":"if","locations":[{"start":{"line":77,"column":4},"end":{"line":79,"column":5}},{"start":{},"end":{}}],"line":77},"5":{"loc":{"start":{"line":104,"column":4},"end":{"line":108,"column":5}},"type":"if","locations":[{"start":{"line":104,"column":4},"end":{"line":108,"column":5}},{"start":{},"end":{}}],"line":104},"6":{"loc":{"start":{"line":132,"column":35},"end":{"line":132,"column":56}},"type":"binary-expr","locations":[{"start":{"line":132,"column":35},"end":{"line":132,"column":49}},{"start":{"line":132,"column":53},"end":{"line":132,"column":56}}],"line":132},"7":{"loc":{"start":{"line":134,"column":24},"end":{"line":134,"column":47}},"type":"binary-expr","locations":[{"start":{"line":134,"column":24},"end":{"line":134,"column":39}},{"start":{"line":134,"column":43},"end":{"line":134,"column":47}}],"line":134}},"s":{"0":7,"1":1,"2":1,"3":1,"4":1,"5":1,"6":0,"7":0,"8":0,"9":0,"10":0,"11":0,"12":0,"13":7,"14":3,"15":3,"16":3,"17":3,"18":3,"19":2,"20":1,"21":7,"22":2,"23":2,"24":2,"25":2,"26":1,"27":1,"28":0,"29":7,"30":1,"31":1,"32":1,"33":1,"34":1,"35":0,"36":7,"37":2,"38":2,"39":2,"40":2,"41":1,"42":1,"43":1,"44":1,"45":0,"46":7,"47":1,"48":1,"49":1,"50":1,"51":0,"52":7,"53":1,"54":1,"55":1,"56":1,"57":1,"58":1,"59":1,"60":0,"61":7,"62":2,"63":2,"64":2,"65":1,"66":1},"f":{"0":1,"1":3,"2":2,"3":1,"4":2,"5":1,"6":1,"7":2},"b":{"0":[1,0],"1":[1,1,0,0],"2":[3,1],"3":[3,1],"4":[1,1],"5":[1,1],"6":[1,0],"7":[1,0]},"inputSourceMap":null,"_coverageSchema":"1a1c01bbd47fc00a2c39e90264f33305004495a9","hash":"866e0c73366aa71ce2581a64d09460a103128f4a"}
,"D:\\AiBlogApp\\server\\models\\Blog.js": {"path":"D:\\AiBlogApp\\server\\models\\Blog.js","statementMap":{"0":{"start":{"line":3,"column":19},"end":{"line":13,"column":1}},"1":{"start":{"line":16,"column":0},"end":{"line":16,"column":37}},"2":{"start":{"line":17,"column":0},"end":{"line":17,"column":36}},"3":{"start":{"line":18,"column":0},"end":{"line":18,"column":52}},"4":{"start":{"line":20,"column":13},"end":{"line":20,"column":47}}},"fnMap":{},"branchMap":{},"s":{"0":7,"1":7,"2":7,"3":7,"4":7},"f":{},"b":{},"inputSourceMap":null,"_coverageSchema":"1a1c01bbd47fc00a2c39e90264f33305004495a9","hash":"c47bb70207eccbcc4eb98a3a912a846ddabd8c0e"}
,"D:\\AiBlogApp\\server\\models\\Comment.js": {"path":"D:\\AiBlogApp\\server\\models\\Comment.js","statementMap":{"0":{"start":{"line":3,"column":22},"end":{"line":11,"column":1}},"1":{"start":{"line":14,"column":0},"end":{"line":14,"column":33}},"2":{"start":{"line":15,"column":0},"end":{"line":15,"column":39}},"3":{"start":{"line":16,"column":0},"end":{"line":16,"column":63}},"4":{"start":{"line":18,"column":16},"end":{"line":18,"column":56}}},"fnMap":{},"branchMap":{},"s":{"0":7,"1":7,"2":7,"3":7,"4":7},"f":{},"b":{},"inputSourceMap":null,"_coverageSchema":"1a1c01bbd47fc00a2c39e90264f33305004495a9","hash":"686c118fc3bd9d0b775aa1ba821912e1f3cc3896"}
,"D:\\AiBlogApp\\server\\routers\\adminRoutes.js": {"path":"D:\\AiBlogApp\\server\\routers\\adminRoutes.js","statementMap":{"0":{"start":{"line":12,"column":20},"end":{"line":12,"column":36}},"1":{"start":{"line":14,"column":0},"end":{"line":14,"column":55}},"2":{"start":{"line":15,"column":0},"end":{"line":15,"column":51}},"3":{"start":{"line":16,"column":0},"end":{"line":16,"column":50}},"4":{"start":{"line":17,"column":0},"end":{"line":17,"column":61}},"5":{"start":{"line":18,"column":0},"end":{"line":18,"column":63}},"6":{"start":{"line":19,"column":0},"end":{"line":19,"column":50}}},"fnMap":{},"branchMap":{},"s":{"0":6,"1":6,"2":6,"3":6,"4":6,"5":6,"6":6},"f":{},"b":{},"inputSourceMap":null,"_coverageSchema":"1a1c01bbd47fc00a2c39e90264f33305004495a9","hash":"0617075d1e94bee90e79741cf33a2063c1932280"}
,"D:\\AiBlogApp\\server\\routers\\blogRoutes.js": {"path":"D:\\AiBlogApp\\server\\routers\\blogRoutes.js","statementMap":{"0":{"start":{"line":18,"column":19},"end":{"line":18,"column":35}},"1":{"start":{"line":20,"column":0},"end":{"line":20,"column":63}},"2":{"start":{"line":21,"column":0},"end":{"line":21,"column":36}},"3":{"start":{"line":22,"column":0},"end":{"line":22,"column":40}},"4":{"start":{"line":23,"column":0},"end":{"line":23,"column":49}},"5":{"start":{"line":24,"column":0},"end":{"line":24,"column":56}},"6":{"start":{"line":26,"column":0},"end":{"line":26,"column":62}},"7":{"start":{"line":27,"column":0},"end":{"line":27,"column":46}},"8":{"start":{"line":29,"column":0},"end":{"line":29,"column":72}}},"fnMap":{},"branchMap":{},"s":{"0":6,"1":6,"2":6,"3":6,"4":6,"5":6,"6":6,"7":6,"8":6},"f":{},"b":{},"inputSourceMap":null,"_coverageSchema":"1a1c01bbd47fc00a2c39e90264f33305004495a9","hash":"c3f8e3f92de22a4507f6d6e429bd2e5ba96c46b2"}
}
