TN:
SF:controllers\adminController.js
FN:5,(anonymous_0)
FN:25,(anonymous_1)
FN:46,(anonymous_2)
FN:68,(anonymous_3)
FN:91,(anonymous_4)
FN:101,(anonymous_5)
FNF:6
FNH:6
FNDA:7,(anonymous_0)
FNDA:3,(anonymous_1)
FNDA:3,(anonymous_2)
FNDA:2,(anonymous_3)
FNDA:1,(anonymous_4)
FNDA:1,(anonymous_5)
DA:5,7
DA:6,7
DA:7,7
DA:9,7
DA:13,1
DA:18,6
DA:19,6
DA:21,0
DA:25,7
DA:26,3
DA:27,3
DA:28,3
DA:32,3
DA:34,3
DA:40,2
DA:42,1
DA:46,7
DA:47,3
DA:48,3
DA:49,3
DA:53,3
DA:55,3
DA:61,2
DA:63,1
DA:64,1
DA:68,7
DA:69,2
DA:70,2
DA:75,2
DA:76,2
DA:77,2
DA:79,2
DA:85,2
DA:87,0
DA:91,7
DA:92,1
DA:93,1
DA:94,1
DA:95,1
DA:97,0
DA:101,7
DA:102,1
DA:103,1
DA:104,1
DA:105,1
DA:107,0
LF:46
LH:42
BRDA:9,0,0,1
BRDA:9,0,1,6
BRDA:10,1,0,7
BRDA:10,1,1,6
BRDA:27,2,0,3
BRDA:27,2,1,2
BRDA:29,3,0,3
BRDA:29,3,1,2
BRDA:48,4,0,3
BRDA:48,4,1,2
BRDA:50,5,0,3
BRDA:50,5,1,2
BRF:12
BRH:12
end_of_record
TN:
SF:controllers\blogController.js
FN:7,(anonymous_0)
FN:51,(anonymous_1)
FN:72,(anonymous_2)
FN:86,(anonymous_3)
FN:100,(anonymous_4)
FN:118,(anonymous_5)
FN:129,(anonymous_6)
FN:154,(anonymous_7)
FNF:8
FNH:8
FNDA:1,(anonymous_0)
FNDA:3,(anonymous_1)
FNDA:2,(anonymous_2)
FNDA:1,(anonymous_3)
FNDA:2,(anonymous_4)
FNDA:1,(anonymous_5)
FNDA:1,(anonymous_6)
FNDA:2,(anonymous_7)
DA:7,7
DA:8,1
DA:9,1
DA:12,1
DA:14,1
DA:15,1
DA:18,0
DA:20,0
DA:27,0
DA:35,0
DA:37,0
DA:45,0
DA:47,0
DA:51,7
DA:52,3
DA:53,3
DA:54,3
DA:58,3
DA:60,3
DA:66,2
DA:68,1
DA:72,7
DA:73,2
DA:74,2
DA:75,2
DA:77,2
DA:78,1
DA:80,1
DA:82,0
DA:86,7
DA:87,1
DA:88,1
DA:89,1
DA:92,1
DA:94,1
DA:96,0
DA:100,7
DA:101,2
DA:102,2
DA:103,2
DA:104,2
DA:105,1
DA:110,1
DA:111,1
DA:112,1
DA:114,0
DA:118,7
DA:119,1
DA:120,1
DA:122,1
DA:123,1
DA:125,0
DA:129,7
DA:130,1
DA:131,1
DA:132,1
DA:133,1
DA:137,1
DA:139,1
DA:148,1
DA:150,0
DA:154,7
DA:155,2
DA:156,2
DA:157,2
DA:160,1
DA:162,1
LF:67
LH:55
BRDA:14,0,0,1
BRDA:14,0,1,0
BRDA:14,1,0,1
BRDA:14,1,1,1
BRDA:14,1,2,0
BRDA:14,1,3,0
BRDA:53,2,0,3
BRDA:53,2,1,1
BRDA:55,3,0,3
BRDA:55,3,1,1
BRDA:77,4,0,1
BRDA:77,4,1,1
BRDA:104,5,0,1
BRDA:104,5,1,1
BRDA:132,6,0,1
BRDA:132,6,1,0
BRDA:134,7,0,1
BRDA:134,7,1,0
BRF:18
BRH:13
end_of_record
TN:
SF:models\Blog.js
FNF:0
FNH:0
DA:3,7
DA:16,7
DA:17,7
DA:18,7
DA:20,7
LF:5
LH:5
BRF:0
BRH:0
end_of_record
TN:
SF:models\Comment.js
FNF:0
FNH:0
DA:3,7
DA:14,7
DA:15,7
DA:16,7
DA:18,7
LF:5
LH:5
BRF:0
BRH:0
end_of_record
TN:
SF:routers\adminRoutes.js
FNF:0
FNH:0
DA:12,6
DA:14,6
DA:15,6
DA:16,6
DA:17,6
DA:18,6
DA:19,6
LF:7
LH:7
BRF:0
BRH:0
end_of_record
TN:
SF:routers\blogRoutes.js
FNF:0
FNH:0
DA:18,6
DA:20,6
DA:21,6
DA:22,6
DA:23,6
DA:24,6
DA:26,6
DA:27,6
DA:29,6
LF:9
LH:9
BRF:0
BRH:0
end_of_record
